#
# There is insufficient memory for the Java Runtime Environment to continue.
# Native memory allocation (malloc) failed to allocate 65552 bytes for Chunk::new
# Possible reasons:
#   The system is out of physical RAM or swap space
#   The process is running with CompressedOops enabled, and the Java Heap may be blocking the growth of the native heap
# Possible solutions:
#   Reduce memory load on the system
#   Increase physical memory or swap space
#   Check if swap backing store is full
#   Decrease Java heap size (-Xmx/-Xms)
#   Decrease number of Java threads
#   Decrease Java thread stack sizes (-Xss)
#   Set larger code cache with -XX:ReservedCodeCacheSize=
#   JVM is running with Unscaled Compressed Oops mode in which the Java heap is
#     placed in the first 4GB address space. The Java Heap base address is the
#     maximum limit for the native heap growth. Please use -XX:HeapBaseMinAddress
#     to set the Java Heap base and to place the Java Heap above 4GB virtual address.
# This output file may be truncated or incomplete.
#
#  Out of Memory Error (allocation.cpp:390), pid=14388, tid=0x0000000000001454
#
# JRE version: Java(TM) SE Runtime Environment (8.0_201-b09) (build 1.8.0_201-b09)
# Java VM: Java HotSpot(TM) 64-Bit Server VM (25.201-b09 mixed mode windows-amd64 compressed oops)
# Failed to write core dump. Minidumps are not enabled by default on client versions of Windows
#

---------------  T H R E A D  ---------------

Current thread (0x00000000191c7000):  JavaThread "C2 CompilerThread1" daemon [_thread_in_native, id=5204, stack(0x0000000019bb0000,0x0000000019cb0000)]

Stack: [0x0000000019bb0000,0x0000000019cb0000]
[error occurred during error reporting (printing stack bounds), id 0xc0000005]

Native frames: (J=compiled Java code, j=interpreted, Vv=VM code, C=native code)


Current CompileTask:
C2:   9925 4910       4       org.apache.catalina.startup.ContextConfig::populateJavaClassCache (79 bytes)


---------------  P R O C E S S  ---------------

Java Threads: ( => current thread )
  0x00000000191dd800 JavaThread "localhost-startStop-1" daemon [_thread_blocked, id=18052, stack(0x0000000021620000,0x0000000021720000)]
  0x00000000191e3800 JavaThread "Tomcat-startStop-1" daemon [_thread_blocked, id=15204, stack(0x0000000021520000,0x0000000021620000)]
  0x000000001925d000 JavaThread "Service Thread" daemon [_thread_blocked, id=14020, stack(0x0000000019eb0000,0x0000000019fb0000)]
  0x00000000191e0800 JavaThread "C1 CompilerThread3" daemon [_thread_blocked, id=8292, stack(0x0000000019db0000,0x0000000019eb0000)]
  0x00000000191c8800 JavaThread "C2 CompilerThread2" daemon [_thread_in_native, id=20140, stack(0x0000000019cb0000,0x0000000019db0000)]
=>0x00000000191c7000 JavaThread "C2 CompilerThread1" daemon [_thread_in_native, id=5204, stack(0x0000000019bb0000,0x0000000019cb0000)]
  0x00000000191c4000 JavaThread "C2 CompilerThread0" daemon [_thread_in_native, id=3348, stack(0x0000000019ab0000,0x0000000019bb0000)]
  0x00000000191c1000 JavaThread "Attach Listener" daemon [_thread_blocked, id=15948, stack(0x00000000199b0000,0x0000000019ab0000)]
  0x00000000191c0000 JavaThread "Signal Dispatcher" daemon [_thread_blocked, id=1852, stack(0x00000000198b0000,0x00000000199b0000)]
  0x00000000191b1000 JavaThread "Finalizer" daemon [_thread_blocked, id=6736, stack(0x0000000019690000,0x0000000019790000)]
  0x000000001739d800 JavaThread "Reference Handler" daemon [_thread_blocked, id=13324, stack(0x0000000019590000,0x0000000019690000)]
  0x00000000022ee800 JavaThread "main" [_thread_blocked, id=1896, stack(0x00000000021b0000,0x00000000022b0000)]

Other Threads:
  0x0000000017399800 VMThread [stack: 0x0000000019090000,0x0000000019190000] [id=2348]
  0x0000000019286800 WatcherThread [stack: 0x0000000019fb0000,0x000000001a0b0000] [id=20396]

VM state:at safepoint (normal execution)

VM Mutex/Monitor currently owned by a thread:  ([mutex/lock_event])
[0x00000000022edb80] Threads_lock - owner thread: 0x0000000017399800
[0x00000000022f1750] Heap_lock - owner thread: 0x00000000191dd800

heap address: 0x0000000081600000, size: 2026 MB, Compressed Oops mode: 32-bit
Narrow klass base: 0x0000000000000000, Narrow klass shift: 3
Compressed class space size: 1073741824 Address: 0x0000000100000000

Heap:
 PSYoungGen      total 302592K, used 63782K [0x00000000d5d00000, 0x00000000f1980000, 0x0000000100000000)
  eden space 276480K, 23% used [0x00000000d5d00000,0x00000000d9b49af0,0x00000000e6b00000)
  from space 26112K, 0% used [0x00000000e9180000,0x00000000e9180000,0x00000000eab00000)
  to   space 39424K, 0% used [0x00000000e6b00000,0x00000000e6b00000,0x00000000e9180000)
 ParOldGen       total 73216K, used 70685K [0x0000000081600000, 0x0000000085d80000, 0x00000000d5d00000)
  object space 73216K, 96% used [0x0000000081600000,0x0000000085b07668,0x0000000085d80000)
 Metaspace       used 31606K, capacity 32312K, committed 32512K, reserved 1081344K
  class space    used 3703K, capacity 3990K, committed 4096K, reserved 1048576K

Card table byte_map: [0x00000000117b0000,0x0000000011bb0000] byte_map_base: 0x00000000113a5000

Marking Bits: (ParMarkBitMap*) 0x0000000058f14ce0
 Begin Bits: [0x0000000012660000, 0x0000000014608000)
 End Bits:   [0x0000000014608000, 0x00000000165b0000)

Polling page: 0x00000000001f0000

CodeCache: size=245760Kb used=15337Kb max_used=16220Kb free=230422Kb
 bounds [0x00000000023f0000, 0x0000000003400000, 0x00000000113f0000]
 total_blobs=4630 nmethods=4167 adapters=375
 compilation: enabled

Compilation events (10 events):
Event: 9.881 Thread 0x00000000191e0800 5027       2       java.lang.invoke.LambdaForm$MH/1935689965::linkToTargetMethod (8 bytes)
Event: 9.881 Thread 0x00000000191e0800 nmethod 5027 0x0000000002f0f010 code [0x0000000002f0f180, 0x0000000002f0f318]
Event: 9.881 Thread 0x00000000191e0800 5028       2       java.lang.invoke.LambdaForm$MH/1568159144::identity_L (8 bytes)
Event: 9.881 Thread 0x00000000191e0800 nmethod 5028 0x0000000002a61b50 code [0x0000000002a61ca0, 0x0000000002a61e10]
Event: 9.881 Thread 0x00000000191e0800 5029       2       org.apache.catalina.loader.WebappClassLoader::filter (67 bytes)
Event: 9.882 Thread 0x00000000191e0800 nmethod 5029 0x0000000002e25bd0 code [0x0000000002e25d60, 0x0000000002e26048]
Event: 9.882 Thread 0x00000000191e0800 5030   !   2       org.apache.catalina.loader.WebappClassLoader::findClass (678 bytes)
Event: 9.885 Thread 0x00000000191e0800 nmethod 5030 0x0000000002af2050 code [0x0000000002af2600, 0x0000000002af4748]
Event: 9.890 Thread 0x00000000191e0800 5031       2       sun.reflect.annotation.AnnotationParser::parseMemberValue (162 bytes)
Event: 9.891 Thread 0x00000000191e0800 nmethod 5031 0x0000000002c5fad0 code [0x0000000002c5fd00, 0x0000000002c60398]

GC Heap History (10 events):
Event: 4.643 GC heap after
Heap after GC invocations=8 (full 1):
 PSYoungGen      total 146432K, used 0K [0x00000000d5d00000, 0x00000000e7a00000, 0x0000000100000000)
  eden space 132608K, 0% used [0x00000000d5d00000,0x00000000d5d00000,0x00000000dde80000)
  from space 13824K, 0% used [0x00000000dde80000,0x00000000dde80000,0x00000000dec00000)
  to   space 13312K, 0% used [0x00000000e6d00000,0x00000000e6d00000,0x00000000e7a00000)
 ParOldGen       total 73216K, used 20000K [0x0000000081600000, 0x0000000085d80000, 0x00000000d5d00000)
  object space 73216K, 27% used [0x0000000081600000,0x00000000829880a0,0x0000000085d80000)
 Metaspace       used 20675K, capacity 21112K, committed 21296K, reserved 1069056K
  class space    used 2412K, capacity 2600K, committed 2688K, reserved 1048576K
}
Event: 7.369 GC heap before
{Heap before GC invocations=9 (full 1):
 PSYoungGen      total 146432K, used 132608K [0x00000000d5d00000, 0x00000000e7a00000, 0x0000000100000000)
  eden space 132608K, 100% used [0x00000000d5d00000,0x00000000dde80000,0x00000000dde80000)
  from space 13824K, 0% used [0x00000000dde80000,0x00000000dde80000,0x00000000dec00000)
  to   space 13312K, 0% used [0x00000000e6d00000,0x00000000e6d00000,0x00000000e7a00000)
 ParOldGen       total 73216K, used 20000K [0x0000000081600000, 0x0000000085d80000, 0x00000000d5d00000)
  object space 73216K, 27% used [0x0000000081600000,0x00000000829880a0,0x0000000085d80000)
 Metaspace       used 29372K, capacity 30102K, committed 30464K, reserved 1075200K
  class space    used 3436K, capacity 3722K, committed 3840K, reserved 1048576K
Event: 7.384 GC heap after
Heap after GC invocations=9 (full 1):
 PSYoungGen      total 224256K, used 12906K [0x00000000d5d00000, 0x00000000e7a00000, 0x0000000100000000)
  eden space 210944K, 0% used [0x00000000d5d00000,0x00000000d5d00000,0x00000000e2b00000)
  from space 13312K, 96% used [0x00000000e6d00000,0x00000000e799abb8,0x00000000e7a00000)
  to   space 14848K, 0% used [0x00000000e5d00000,0x00000000e5d00000,0x00000000e6b80000)
 ParOldGen       total 73216K, used 20008K [0x0000000081600000, 0x0000000085d80000, 0x00000000d5d00000)
  object space 73216K, 27% used [0x0000000081600000,0x000000008298a0a0,0x0000000085d80000)
 Metaspace       used 29372K, capacity 30102K, committed 30464K, reserved 1075200K
  class space    used 3436K, capacity 3722K, committed 3840K, reserved 1048576K
}
Event: 8.291 GC heap before
{Heap before GC invocations=10 (full 1):
 PSYoungGen      total 224256K, used 223850K [0x00000000d5d00000, 0x00000000e7a00000, 0x0000000100000000)
  eden space 210944K, 100% used [0x00000000d5d00000,0x00000000e2b00000,0x00000000e2b00000)
  from space 13312K, 96% used [0x00000000e6d00000,0x00000000e799abb8,0x00000000e7a00000)
  to   space 14848K, 0% used [0x00000000e5d00000,0x00000000e5d00000,0x00000000e6b80000)
 ParOldGen       total 73216K, used 20008K [0x0000000081600000, 0x0000000085d80000, 0x00000000d5d00000)
  object space 73216K, 27% used [0x0000000081600000,0x000000008298a0a0,0x0000000085d80000)
 Metaspace       used 29519K, capacity 30364K, committed 30720K, reserved 1077248K
  class space    used 3438K, capacity 3724K, committed 3840K, reserved 1048576K
Event: 8.325 GC heap after
Heap after GC invocations=10 (full 1):
 PSYoungGen      total 276992K, used 14840K [0x00000000d5d00000, 0x00000000eab00000, 0x0000000100000000)
  eden space 262144K, 0% used [0x00000000d5d00000,0x00000000d5d00000,0x00000000e5d00000)
  from space 14848K, 99% used [0x00000000e5d00000,0x00000000e6b7e288,0x00000000e6b80000)
  to   space 26112K, 0% used [0x00000000e9180000,0x00000000e9180000,0x00000000eab00000)
 ParOldGen       total 73216K, used 43935K [0x0000000081600000, 0x0000000085d80000, 0x00000000d5d00000)
  object space 73216K, 60% used [0x0000000081600000,0x00000000840e7fc8,0x0000000085d80000)
 Metaspace       used 29519K, capacity 30364K, committed 30720K, reserved 1077248K
  class space    used 3438K, capacity 3724K, committed 3840K, reserved 1048576K
}
Event: 9.141 GC heap before
{Heap before GC invocations=11 (full 1):
 PSYoungGen      total 276992K, used 276984K [0x00000000d5d00000, 0x00000000eab00000, 0x0000000100000000)
  eden space 262144K, 100% used [0x00000000d5d00000,0x00000000e5d00000,0x00000000e5d00000)
  from space 14848K, 99% used [0x00000000e5d00000,0x00000000e6b7e288,0x00000000e6b80000)
  to   space 26112K, 0% used [0x00000000e9180000,0x00000000e9180000,0x00000000eab00000)
 ParOldGen       total 73216K, used 43935K [0x0000000081600000, 0x0000000085d80000, 0x00000000d5d00000)
  object space 73216K, 60% used [0x0000000081600000,0x00000000840e7fc8,0x0000000085d80000)
 Metaspace       used 29549K, capacity 30366K, committed 30720K, reserved 1077248K
  class space    used 3443K, capacity 3726K, committed 3840K, reserved 1048576K
Event: 9.223 GC heap after
Heap after GC invocations=11 (full 1):
 PSYoungGen      total 302592K, used 26094K [0x00000000d5d00000, 0x00000000f1980000, 0x0000000100000000)
  eden space 276480K, 0% used [0x00000000d5d00000,0x00000000d5d00000,0x00000000e6b00000)
  from space 26112K, 99% used [0x00000000e9180000,0x00000000eaafb840,0x00000000eab00000)
  to   space 39424K, 0% used [0x00000000e6b00000,0x00000000e6b00000,0x00000000e9180000)
 ParOldGen       total 73216K, used 70386K [0x0000000081600000, 0x0000000085d80000, 0x00000000d5d00000)
  object space 73216K, 96% used [0x0000000081600000,0x0000000085abc9b0,0x0000000085d80000)
 Metaspace       used 29549K, capacity 30366K, committed 30720K, reserved 1077248K
  class space    used 3443K, capacity 3726K, committed 3840K, reserved 1048576K
}
Event: 9.223 GC heap before
{Heap before GC invocations=12 (full 2):
 PSYoungGen      total 302592K, used 26094K [0x00000000d5d00000, 0x00000000f1980000, 0x0000000100000000)
  eden space 276480K, 0% used [0x00000000d5d00000,0x00000000d5d00000,0x00000000e6b00000)
  from space 26112K, 99% used [0x00000000e9180000,0x00000000eaafb840,0x00000000eab00000)
  to   space 39424K, 0% used [0x00000000e6b00000,0x00000000e6b00000,0x00000000e9180000)
 ParOldGen       total 73216K, used 70386K [0x0000000081600000, 0x0000000085d80000, 0x00000000d5d00000)
  object space 73216K, 96% used [0x0000000081600000,0x0000000085abc9b0,0x0000000085d80000)
 Metaspace       used 29549K, capacity 30366K, committed 30720K, reserved 1077248K
  class space    used 3443K, capacity 3726K, committed 3840K, reserved 1048576K
Event: 9.555 GC heap after
Heap after GC invocations=12 (full 2):
 PSYoungGen      total 302592K, used 0K [0x00000000d5d00000, 0x00000000f1980000, 0x0000000100000000)
  eden space 276480K, 0% used [0x00000000d5d00000,0x00000000d5d00000,0x00000000e6b00000)
  from space 26112K, 0% used [0x00000000e9180000,0x00000000e9180000,0x00000000eab00000)
  to   space 39424K, 0% used [0x00000000e6b00000,0x00000000e6b00000,0x00000000e9180000)
 ParOldGen       total 73216K, used 70685K [0x0000000081600000, 0x0000000085d80000, 0x00000000d5d00000)
  object space 73216K, 96% used [0x0000000081600000,0x0000000085b07668,0x0000000085d80000)
 Metaspace       used 29547K, capacity 30360K, committed 30720K, reserved 1077248K
  class space    used 3442K, capacity 3724K, committed 3840K, reserved 1048576K
}
Event: 9.900 GC heap before
{Heap before GC invocations=13 (full 3):
 PSYoungGen      total 302592K, used 63782K [0x00000000d5d00000, 0x00000000f1980000, 0x0000000100000000)
  eden space 276480K, 23% used [0x00000000d5d00000,0x00000000d9b49af0,0x00000000e6b00000)
  from space 26112K, 0% used [0x00000000e9180000,0x00000000e9180000,0x00000000eab00000)
  to   space 39424K, 0% used [0x00000000e6b00000,0x00000000e6b00000,0x00000000e9180000)
 ParOldGen       total 73216K, used 70685K [0x0000000081600000, 0x0000000085d80000, 0x00000000d5d00000)
  object space 73216K, 96% used [0x0000000081600000,0x0000000085b07668,0x0000000085d80000)
 Metaspace       used 31606K, capacity 32312K, committed 32512K, reserved 1081344K
  class space    used 3703K, capacity 3990K, committed 4096K, reserved 1048576K

Deoptimization events (10 events):
Event: 7.470 Thread 0x00000000191dd800 Uncommon trap: reason=unstable_if action=reinterpret pc=0x000000000324d3b4 method=java.io.DataInputStream.readUTF(Ljava/io/DataInput;)Ljava/lang/String; @ 112
Event: 7.578 Thread 0x00000000191dd800 Uncommon trap: reason=unstable_if action=reinterpret pc=0x00000000032d1658 method=org.apache.tomcat.util.bcel.classfile.ConstantUtf8$1.removeEldestEntry(Ljava/util/Map$Entry;)Z @ 7
Event: 7.936 Thread 0x00000000191dd800 Uncommon trap: reason=unloaded action=reinterpret pc=0x00000000033611c8 method=org.apache.tomcat.util.bcel.classfile.Attribute.readAttribute(Ljava/io/DataInputStream;Lorg/apache/tomcat/util/bcel/classfile/ConstantPool;)Lorg/apache/tomcat/util/bcel/classfi
Event: 8.434 Thread 0x00000000191dd800 Uncommon trap: reason=unloaded action=reinterpret pc=0x0000000003392db0 method=org.apache.tomcat.util.bcel.classfile.Constant.readConstant(Ljava/io/DataInputStream;)Lorg/apache/tomcat/util/bcel/classfile/Constant; @ 214
Event: 9.726 Thread 0x00000000191dd800 Uncommon trap: reason=bimorphic action=maybe_recompile pc=0x00000000031951b0 method=java.util.Hashtable.put(Ljava/lang/Object;Ljava/lang/Object;)Ljava/lang/Object; @ 18
Event: 9.812 Thread 0x00000000191dd800 Uncommon trap: reason=unstable_if action=reinterpret pc=0x00000000032e3308 method=java.net.URI.match(CJJ)Z @ 19
Event: 9.812 Thread 0x00000000191dd800 Uncommon trap: reason=unstable_if action=reinterpret pc=0x0000000003354ef4 method=java.net.URI.quote(Ljava/lang/String;JJ)Ljava/lang/String; @ 102
Event: 9.812 Thread 0x00000000191dd800 Uncommon trap: reason=unstable_if action=reinterpret pc=0x0000000003342cc8 method=java.net.URI.match(CJJ)Z @ 19
Event: 9.815 Thread 0x00000000191dd800 Uncommon trap: reason=unstable_if action=reinterpret pc=0x0000000002a1b4a0 method=java.io.WinNTFileSystem.parentOrNull(Ljava/lang/String;)Ljava/lang/String; @ 96
Event: 9.862 Thread 0x00000000191dd800 Uncommon trap: reason=unstable_if action=reinterpret pc=0x00000000033c0de8 method=org.codehaus.plexus.classworlds.realm.Entry.matches(Ljava/lang/String;)Z @ 33

Classes redefined (0 events):
No events

Internal exceptions (10 events):
Event: 4.884 Thread 0x00000000022ee800 Exception <a 'sun/nio/fs/WindowsException'> (0x00000000d62ccd60) thrown at [C:\re\workspace\8-2-build-windows-amd64-cygwin\jdk8u201\12322\hotspot\src\share\vm\prims\jni.cpp, line 709]
Event: 4.888 Thread 0x00000000022ee800 Exception <a 'sun/nio/fs/WindowsException'> (0x00000000d62d1760) thrown at [C:\re\workspace\8-2-build-windows-amd64-cygwin\jdk8u201\12322\hotspot\src\share\vm\prims\jni.cpp, line 709]
Event: 4.893 Thread 0x00000000022ee800 Exception <a 'sun/nio/fs/WindowsException'> (0x00000000d62d61c8) thrown at [C:\re\workspace\8-2-build-windows-amd64-cygwin\jdk8u201\12322\hotspot\src\share\vm\prims\jni.cpp, line 709]
Event: 4.896 Thread 0x00000000022ee800 Exception <a 'sun/nio/fs/WindowsException'> (0x00000000d62daad0) thrown at [C:\re\workspace\8-2-build-windows-amd64-cygwin\jdk8u201\12322\hotspot\src\share\vm\prims\jni.cpp, line 709]
Event: 4.902 Thread 0x00000000022ee800 Exception <a 'sun/nio/fs/WindowsException'> (0x00000000d62df870) thrown at [C:\re\workspace\8-2-build-windows-amd64-cygwin\jdk8u201\12322\hotspot\src\share\vm\prims\jni.cpp, line 709]
Event: 4.906 Thread 0x00000000022ee800 Exception <a 'sun/nio/fs/WindowsException'> (0x00000000d62e4510) thrown at [C:\re\workspace\8-2-build-windows-amd64-cygwin\jdk8u201\12322\hotspot\src\share\vm\prims\jni.cpp, line 709]
Event: 4.909 Thread 0x00000000022ee800 Exception <a 'sun/nio/fs/WindowsException'> (0x00000000d62eadd0) thrown at [C:\re\workspace\8-2-build-windows-amd64-cygwin\jdk8u201\12322\hotspot\src\share\vm\prims\jni.cpp, line 709]
Event: 6.759 Thread 0x00000000022ee800 Exception <a 'java/io/FileNotFoundException'> (0x00000000dae98928) thrown at [C:\re\workspace\8-2-build-windows-amd64-cygwin\jdk8u201\12322\hotspot\src\share\vm\prims\jni.cpp, line 709]
Event: 7.233 Thread 0x00000000191dd800 Implicit null exception at 0x0000000002db00bc to 0x0000000002db05ed
Event: 9.816 Thread 0x00000000191dd800 Exception <a 'java/io/FileNotFoundException'> (0x00000000d9523e68) thrown at [C:\re\workspace\8-2-build-windows-amd64-cygwin\jdk8u201\12322\hotspot\src\share\vm\prims\jni.cpp, line 709]

Events (10 events):
Event: 9.896 loading class org/springframework/beans/factory/NoSuchBeanDefinitionException done
Event: 9.897 loading class org/springframework/context/event/AbstractApplicationEventMulticaster$ListenerRetriever
Event: 9.897 loading class org/springframework/context/event/AbstractApplicationEventMulticaster$ListenerRetriever done
Event: 9.897 loading class org/springframework/aop/framework/AopProxyUtils
Event: 9.897 loading class org/springframework/aop/framework/AopProxyUtils done
Event: 9.898 loading class org/springframework/aop/framework/Advised
Event: 9.898 loading class org/springframework/aop/framework/Advised done
Event: 9.899 loading class org/springframework/aop/TargetClassAware
Event: 9.899 loading class org/springframework/aop/TargetClassAware done
Event: 9.899 Executing VM operation: CollectForMetadataAllocation


Dynamic libraries:
0x00007ff6940f0000 - 0x00007ff694127000 	C:\Program Files\Java\jdk1.8.0_201\bin\javaw.exe
0x00007ff89b5d0000 - 0x00007ff89b7bd000 	C:\Windows\SYSTEM32\ntdll.dll
0x00007ff899100000 - 0x00007ff8991b3000 	C:\Windows\System32\KERNEL32.DLL
0x00007ff898560000 - 0x00007ff8987f3000 	C:\Windows\System32\KERNELBASE.dll
0x00007ff899910000 - 0x00007ff8999b3000 	C:\Windows\System32\ADVAPI32.dll
0x00007ff898810000 - 0x00007ff8988ae000 	C:\Windows\System32\msvcrt.dll
0x00007ff899240000 - 0x00007ff8992de000 	C:\Windows\System32\sechost.dll
0x00007ff898fd0000 - 0x00007ff8990f2000 	C:\Windows\System32\RPCRT4.dll
0x00007ff898d70000 - 0x00007ff898f07000 	C:\Windows\System32\USER32.dll
0x00007ff898510000 - 0x00007ff898530000 	C:\Windows\System32\win32u.dll
0x00007ff8988b0000 - 0x00007ff8988d9000 	C:\Windows\System32\GDI32.dll
0x00007ff898190000 - 0x00007ff89832a000 	C:\Windows\System32\gdi32full.dll
0x00007ff8976c0000 - 0x00007ff897760000 	C:\Windows\System32\msvcp_win.dll
0x00007ff898040000 - 0x00007ff89813a000 	C:\Windows\System32\ucrtbase.dll
0x00007ff887d70000 - 0x00007ff887fe9000 	C:\Windows\WinSxS\amd64_microsoft.windows.common-controls_6595b64144ccf1df_6.0.17763.379_none_05b83be8071c94a1\COMCTL32.dll
0x00007ff8999c0000 - 0x00007ff899ced000 	C:\Windows\System32\combase.dll
0x00007ff8977c0000 - 0x00007ff89783e000 	C:\Windows\System32\bcryptPrimitives.dll
0x00007ff898c60000 - 0x00007ff898c8e000 	C:\Windows\System32\IMM32.DLL
0x0000000058fa0000 - 0x0000000059071000 	C:\Program Files\Java\jdk1.8.0_201\jre\bin\msvcr100.dll
0x00000000586f0000 - 0x0000000058f94000 	C:\Program Files\Java\jdk1.8.0_201\jre\bin\server\jvm.dll
0x00007ff8991c0000 - 0x00007ff8991c8000 	C:\Windows\System32\PSAPI.DLL
0x00007ff892d80000 - 0x00007ff892d89000 	C:\Windows\SYSTEM32\WSOCK32.dll
0x00007ff894360000 - 0x00007ff894384000 	C:\Windows\SYSTEM32\WINMM.dll
0x00007ff88d610000 - 0x00007ff88d61a000 	C:\Windows\SYSTEM32\VERSION.dll
0x00007ff8991d0000 - 0x00007ff89923d000 	C:\Windows\System32\WS2_32.dll
0x00007ff894330000 - 0x00007ff89435d000 	C:\Windows\SYSTEM32\WINMMBASE.dll
0x00007ff898140000 - 0x00007ff89818a000 	C:\Windows\System32\cfgmgr32.dll
0x00007ff894450000 - 0x00007ff89445f000 	C:\Program Files\Java\jdk1.8.0_201\jre\bin\verify.dll
0x00007ff892bf0000 - 0x00007ff892c19000 	C:\Program Files\Java\jdk1.8.0_201\jre\bin\java.dll
0x00007ff890be0000 - 0x00007ff890bf6000 	C:\Program Files\Java\jdk1.8.0_201\jre\bin\zip.dll
0x00007ff899cf0000 - 0x00007ff89b1e0000 	C:\Windows\System32\SHELL32.dll
0x00007ff898f10000 - 0x00007ff898fb8000 	C:\Windows\System32\shcore.dll
0x00007ff897840000 - 0x00007ff897f8a000 	C:\Windows\System32\windows.storage.dll
0x00007ff897670000 - 0x00007ff897694000 	C:\Windows\System32\profapi.dll
0x00007ff8975f0000 - 0x00007ff89764d000 	C:\Windows\System32\powrprof.dll
0x00007ff898d10000 - 0x00007ff898d62000 	C:\Windows\System32\shlwapi.dll
0x00007ff8975d0000 - 0x00007ff8975e1000 	C:\Windows\System32\kernel.appcore.dll
0x00007ff8976a0000 - 0x00007ff8976b7000 	C:\Windows\System32\cryptsp.dll
0x00007ff896970000 - 0x00007ff8969a3000 	C:\Windows\system32\rsaenh.dll
0x00007ff898530000 - 0x00007ff898556000 	C:\Windows\System32\bcrypt.dll
0x00007ff897500000 - 0x00007ff897528000 	C:\Windows\SYSTEM32\USERENV.dll
0x00007ff896f60000 - 0x00007ff896f6c000 	C:\Windows\SYSTEM32\CRYPTBASE.dll
0x00007ff890680000 - 0x00007ff89069a000 	C:\Program Files\Java\jdk1.8.0_201\jre\bin\net.dll
0x00007ff88bb80000 - 0x00007ff88bd56000 	C:\Windows\SYSTEM32\urlmon.dll
0x00007ff88b8d0000 - 0x00007ff88bb78000 	C:\Windows\SYSTEM32\iertutil.dll
0x00007ff896db0000 - 0x00007ff896e17000 	C:\Windows\system32\mswsock.dll
0x00007ff896b20000 - 0x00007ff896b5d000 	C:\Windows\SYSTEM32\IPHLPAPI.DLL
0x00007ff898800000 - 0x00007ff898808000 	C:\Windows\System32\NSI.dll
0x00007ff88aef0000 - 0x00007ff88af06000 	C:\Windows\SYSTEM32\dhcpcsvc6.DLL
0x00007ff88add0000 - 0x00007ff88adec000 	C:\Windows\SYSTEM32\dhcpcsvc.DLL
0x00007ff896b60000 - 0x00007ff896c26000 	C:\Windows\SYSTEM32\DNSAPI.dll
0x00007ff88be70000 - 0x00007ff88be81000 	C:\Program Files\Java\jdk1.8.0_201\jre\bin\nio.dll
0x00007ff893f30000 - 0x00007ff893f3a000 	C:\Users\migue\AppData\Local\Temp\jansi-1.17-7796788994427860115.dll
0x00007ff890c90000 - 0x00007ff890c9a000 	C:\Users\migue\AppData\Local\Temp\jansi-1.17-3691571361671251557.dll
0x00007ff8906b0000 - 0x00007ff8906bd000 	C:\Program Files\Java\jdk1.8.0_201\jre\bin\management.dll
0x00007ff890bc0000 - 0x00007ff890bd6000 	C:\Windows\system32\napinsp.dll
0x00007ff88de60000 - 0x00007ff88de7a000 	C:\Windows\system32\pnrpnsp.dll
0x00007ff887ca0000 - 0x00007ff887cae000 	C:\Windows\System32\winrnr.dll
0x00007ff893e30000 - 0x00007ff893e4b000 	C:\Windows\system32\NLAapi.dll
0x00007ff8884b0000 - 0x00007ff8884c5000 	C:\Windows\system32\wshbth.dll
0x00007ff88a440000 - 0x00007ff88a44a000 	C:\Windows\System32\rasadhlp.dll
0x00007ff88af20000 - 0x00007ff88af99000 	C:\Windows\System32\fwpuclnt.dll
0x00007ff896650000 - 0x00007ff896681000 	C:\Windows\SYSTEM32\ntmarta.dll

VM Arguments:
jvm_args: -Dmaven.home=EMBEDDED -Dclassworlds.conf=D:\project\spring-boot\samples\.metadata\.plugins\org.eclipse.m2e.launching\launches\m2conf1492275273694689661.tmp -Dmaven.multiModuleProjectDirectory=D:\project\spring-boot\samples\war -Dfile.encoding=Cp1252 
java_command: org.codehaus.plexus.classworlds.launcher.Launcher -B tomcat7:run-war
java_class_path (initial): C:\Users\migue\.p2\pool\plugins\org.eclipse.m2e.maven.runtime_1.11.0.20190220-2117\jars\plexus-classworlds-2.5.2.jar
Launcher Type: SUN_STANDARD

Environment Variables:
JAVA_HOME=C:\Program Files\Java\jdk1.8.0_201
CLASSPATH=.;
PATH=C:/Program Files/Java/jre1.8.0_191/bin/server;C:/Program Files/Java/jre1.8.0_191/bin;C:/Program Files/Java/jre1.8.0_191/lib/amd64;C:\Program Files (x86)\Google\Chrome\Application;C:\Program Files (x86)\Common Files\Oracle\Java\javapath;C:\Windows\system32;C:\Windows;C:\Windows\System32\Wbem;C:\Windows\System32\WindowsPowerShell\v1.0\;C:\Windows\System32\OpenSSH\;C:\ProgramData\chocolatey\bin;C:\Program Files\Microsoft VS Code\bin;C:\Program Files\FileBot\;C:\Program Files\PuTTY\;C:\Program Files (x86)\Java\jdk1.8.0_201\bin;C:\Program Files\Git\cmd;C:\Users\migue\AppData\Local\Microsoft\WindowsApps;;C:\Users\migue\Downloads;
USERNAME=migue
OS=Windows_NT
PROCESSOR_IDENTIFIER=Intel64 Family 6 Model 142 Stepping 10, GenuineIntel



---------------  S Y S T E M  ---------------

OS: Windows 10.0 , 64 bit Build 17763 (10.0.17763.379)

CPU:total 8 (initial active 8) (4 cores per cpu, 2 threads per core) family 6 model 142 stepping 10, cmov, cx8, fxsr, mmx, sse, sse2, sse3, ssse3, sse4.1, sse4.2, popcnt, avx, avx2, aes, clmul, erms, 3dnowpref, lzcnt, ht, tsc, tscinvbit, bmi1, bmi2, adx

Memory: 4k page, physical 8295652k(530740k free), swap 21016928k(84k free)

vm_info: Java HotSpot(TM) 64-Bit Server VM (25.201-b09) for windows-amd64 JRE (1.8.0_201-b09), built on Dec 15 2018 18:36:39 by "java_re" with MS VC++ 10.0 (VS2010)

time: Thu Apr 04 20:43:37 2019
timezone: Hora de verano romance
elapsed time: 9 seconds (0d 0h 0m 9s)

